./psql.sh 
psql (12.1 (Debian 12.1-1.pgdg100+1))
Type "help" for help.

pgdemo=# \i now.sql
              now              |              now              |        clock_timestamp        |        clock_timestamp        
-------------------------------+-------------------------------+-------------------------------+-------------------------------
 2020-06-18 11:44:03.342664+00 | 2020-06-18 11:44:03.342664+00 | 2020-06-18 11:44:03.343461+00 | 2020-06-18 11:44:03.343461+00
(1 row)

BEGIN
              now              
-------------------------------
 2020-06-18 11:44:03.343915+00
(1 row)

              now              
-------------------------------
 2020-06-18 11:44:03.343915+00
(1 row)

COMMIT
              now              
-------------------------------
 2020-06-18 11:44:03.344909+00
(1 row)

