sudo docker exec postgres-transaction-demo_client_1 bash -c /sql/serialization-failure.sh
TRUNCATE TABLE
INSERT 0 1
sleep 20 seconds ...
BEGIN
 ?column? | xmin | xmax | txid_current | id | name  
----------+------+------+--------------+----+-------
 sql 1    |  526 |    0 |          527 |  0 | name0
(1 row)

       ?column?        
-----------------------
 sql 1: sleep 2 second
(1 row)

 pg_sleep 
----------
 
(1 row)

BEGIN
 ?column? | xmin | xmax | txid_current | id | name  
----------+------+------+--------------+----+-------
 sql 2    |  526 |    0 |          528 |  0 | name0
(1 row)

           ?column?            
-------------------------------
 sql 2: sleeping 1 seconds ...
(1 row)

 pg_sleep 
----------
 
(1 row)

               ?column?                | id | name  
---------------------------------------+----+-------
 sql 2 first read: before txn-1 update |  0 | name0
(1 row)

           ?column?            
-------------------------------
 sql 2: sleeping 2 seconds ...
(1 row)

 pg_sleep 
----------
 
(1 row)

   ?column?   | id | name 
--------------+----+------
 sql1 updated |  0 | txn1
(1 row)

UPDATE 1
          ?column?          
----------------------------
 sql 1: sleep 5 seconds ...
(1 row)

 pg_sleep 
----------
 
(1 row)

                    ?column?                    | id | name  
------------------------------------------------+----+-------
 sql 2 second read: when txn-1 is runing update |  0 | name0
(1 row)

           ?column?            
-------------------------------
 sql 2: sleeping 5 seconds ...
(1 row)

 pg_sleep 
----------
 
(1 row)

   ?column?    | id | name 
---------------+----+------
 sql1 inserted |  0 | txn1
(1 row)

INSERT 0 1
 ?column? | xmin | xmax | txid_current | id | name 
----------+------+------+--------------+----+------
 sql 1    |  527 |    0 |          527 |  0 | txn1
 sql 1    |  527 |    0 |          527 |  0 | txn1
(2 rows)

   ?column?    
---------------
 sql 1: commit
(1 row)

COMMIT
 pg_sleep 
----------
 
(1 row)

               ?column?               | id | name  
--------------------------------------+----+-------
 sql 2 third read: after txn-1 update |  0 | name0
(1 row)

          ?column?          | xmin | xmax | txid_current | id | name  
----------------------------+------+------+--------------+----+-------
 sql 2 third read: all rows |  526 |  527 |          528 |  0 | name0
(1 row)

psql:/sql/serialization-failure-2.sql:16: ERROR:  could not serialize access due to concurrent update
psql:/sql/serialization-failure-2.sql:18: ERROR:  current transaction is aborted, commands ignored until end of transaction block
ROLLBACK
