1) JDK 11

/usr/lib/jvm/java-11-openjdk-amd64/bin/javap -l java.lang.String | grep LocalVariableTable | wc -l -> 103

javap -l java.lang.String

  public int compareTo(java.lang.Object);
    LineNumberTable:
      line 125: 0
    LocalVariableTable:
      Start  Length  Slot  Name   Signature
          0       9     0  this   Ljava/lang/String;

  static {};
    LineNumberTable:
      line 201: 0
      line 211: 4
      line 1216: 11

2) JDK 8

openjdk-8u265-b01/bin/javap -l java.lang.String | grep LocalVariableTable | wc -l -> 0

./javap -l java.lang.String
  public int compareTo(java.lang.Object);
    LineNumberTable:
      line 111: 0

  static {};
    LineNumberTable:
      line 129: 0
      line 1184: 7

Note: It seems LocalVariableTable is debuginfo.
