sudo docker exec postgres-lock-demo_client_1 bash -c /sql/select_for_update.sh
sleep 10 seconds ...
BEGIN
 ?column? | id | name 
----------+----+------
 sql 1    |  1 | EUR
(1 row)

          ?column?          
----------------------------
 sql 1: sleep 5 seconds ...
(1 row)

 pg_sleep 
----------
 
(1 row)

BEGIN
 ?column? | id | name 
----------+----+------
 sql 2    |  1 | EUR
(1 row)

 ?column? | id | name 
----------+----+------
 sql 2    |  2 | USD
(1 row)

 ?column? | id | name 
----------+----+------
(0 rows)

 pg_sleep 
----------
 
(1 row)

   ?column?    
---------------
 sql 1: commit
(1 row)

COMMIT
 ?column? | id | name 
----------+----+------
 sql 2    |  1 | EUR
(1 row)

   ?column?    
---------------
 sql 2: commit
(1 row)

COMMIT
