docker exec demoattach jcmd 1 VM.systemdictionary
1:
System Dictionary for jdk.internal.reflect.DelegatingClassLoader @7aa6352e class loader statistics:
Number of buckets       :         1 =         8 bytes, each 8
Number of entries       :         1 =        24 bytes, each 24
Total footprint         :           =        32 bytes
Average bucket size     :     1.000
Variance of bucket size :     0.000
Std. dev. of bucket size:     0.000
Maximum bucket size     :         1
System Dictionary for jdk.internal.reflect.DelegatingClassLoader @4bdfe27c class loader statistics:
Number of buckets       :         1 =         8 bytes, each 8
Number of entries       :         1 =        24 bytes, each 24
Total footprint         :           =        32 bytes
Average bucket size     :     1.000
Variance of bucket size :     0.000
Std. dev. of bucket size:     0.000
Maximum bucket size     :         1
System Dictionary for jdk.internal.reflect.DelegatingClassLoader @6258b44f class loader statistics:
Number of buckets       :         1 =         8 bytes, each 8
Number of entries       :         1 =        24 bytes, each 24
Total footprint         :           =        32 bytes
Average bucket size     :     1.000
Variance of bucket size :     0.000
Std. dev. of bucket size:     0.000
Maximum bucket size     :         1
System Dictionary for jdk.internal.reflect.DelegatingClassLoader @21655c62 class loader statistics:
Number of buckets       :         1 =         8 bytes, each 8
Number of entries       :         1 =        24 bytes, each 24
Total footprint         :           =        32 bytes
Average bucket size     :     1.000
Variance of bucket size :     0.000
Std. dev. of bucket size:     0.000
Maximum bucket size     :         1
System Dictionary for jdk.internal.reflect.DelegatingClassLoader @20214d0c class loader statistics:
Number of buckets       :         1 =         8 bytes, each 8
Number of entries       :         1 =        24 bytes, each 24
Total footprint         :           =        32 bytes
Average bucket size     :     1.000
Variance of bucket size :     0.000
Std. dev. of bucket size:     0.000
Maximum bucket size     :         1
System Dictionary for jdk.internal.reflect.DelegatingClassLoader @699ed9f1 class loader statistics:
Number of buckets       :         1 =         8 bytes, each 8
Number of entries       :         1 =        24 bytes, each 24
Total footprint         :           =        32 bytes
Average bucket size     :     1.000
Variance of bucket size :     0.000
Std. dev. of bucket size:     0.000
Maximum bucket size     :         1
System Dictionary for jdk.internal.reflect.DelegatingClassLoader @683b2a89 class loader statistics:
Number of buckets       :         1 =         8 bytes, each 8
Number of entries       :         1 =        24 bytes, each 24
Total footprint         :           =        32 bytes
Average bucket size     :     1.000
Variance of bucket size :     0.000
Std. dev. of bucket size:     0.000
Maximum bucket size     :         1
System Dictionary for jdk.internal.reflect.DelegatingClassLoader @125c702e class loader statistics:
Number of buckets       :         1 =         8 bytes, each 8
Number of entries       :         1 =        24 bytes, each 24
Total footprint         :           =        32 bytes
Average bucket size     :     1.000
Variance of bucket size :     0.000
Std. dev. of bucket size:     0.000
Maximum bucket size     :         1
System Dictionary for jdk.internal.reflect.DelegatingClassLoader @35660575 class loader statistics:
Number of buckets       :         1 =         8 bytes, each 8
Number of entries       :         1 =        24 bytes, each 24
Total footprint         :           =        32 bytes
Average bucket size     :     1.000
Variance of bucket size :     0.000
Std. dev. of bucket size:     0.000
Maximum bucket size     :         1
System Dictionary for jdk.internal.reflect.DelegatingClassLoader @65b3352b class loader statistics:
Number of buckets       :         1 =         8 bytes, each 8
Number of entries       :         1 =        24 bytes, each 24
Total footprint         :           =        32 bytes
Average bucket size     :     1.000
Variance of bucket size :     0.000
Std. dev. of bucket size:     0.000
Maximum bucket size     :         1
System Dictionary for jdk.internal.reflect.DelegatingClassLoader @56c60746 class loader statistics:
Number of buckets       :         1 =         8 bytes, each 8
Number of entries       :         1 =        24 bytes, each 24
Total footprint         :           =        32 bytes
Average bucket size     :     1.000
Variance of bucket size :     0.000
Std. dev. of bucket size:     0.000
Maximum bucket size     :         1
System Dictionary for jdk.internal.reflect.DelegatingClassLoader @7d96ec2b class loader statistics:
Number of buckets       :         1 =         8 bytes, each 8
Number of entries       :         1 =        24 bytes, each 24
Total footprint         :           =        32 bytes
Average bucket size     :     1.000
Variance of bucket size :     0.000
Std. dev. of bucket size:     0.000
Maximum bucket size     :         1
System Dictionary for jdk.internal.reflect.DelegatingClassLoader @29ca6be3 class loader statistics:
Number of buckets       :         1 =         8 bytes, each 8
Number of entries       :         1 =        24 bytes, each 24
Total footprint         :           =        32 bytes
Average bucket size     :     1.000
Variance of bucket size :     0.000
Std. dev. of bucket size:     0.000
Maximum bucket size     :         1
System Dictionary for jdk.internal.reflect.DelegatingClassLoader @4a323f17 class loader statistics:
Number of buckets       :         1 =         8 bytes, each 8
Number of entries       :         1 =        24 bytes, each 24
Total footprint         :           =        32 bytes
Average bucket size     :     1.000
Variance of bucket size :     0.000
Std. dev. of bucket size:     0.000
Maximum bucket size     :         1
System Dictionary for jdk.internal.reflect.DelegatingClassLoader @29d6382a class loader statistics:
Number of buckets       :         1 =         8 bytes, each 8
Number of entries       :         1 =        24 bytes, each 24
Total footprint         :           =        32 bytes
Average bucket size     :     1.000
Variance of bucket size :     0.000
Std. dev. of bucket size:     0.000
Maximum bucket size     :         1
System Dictionary for jdk.internal.reflect.DelegatingClassLoader @29cbfdc7 class loader statistics:
Number of buckets       :         1 =         8 bytes, each 8
Number of entries       :         1 =        24 bytes, each 24
Total footprint         :           =        32 bytes
Average bucket size     :     1.000
Variance of bucket size :     0.000
Std. dev. of bucket size:     0.000
Maximum bucket size     :         1
System Dictionary for jdk.internal.reflect.DelegatingClassLoader @7ff81fef class loader statistics:
Number of buckets       :         1 =         8 bytes, each 8
Number of entries       :         1 =        24 bytes, each 24
Total footprint         :           =        32 bytes
Average bucket size     :     1.000
Variance of bucket size :     0.000
Std. dev. of bucket size:     0.000
Maximum bucket size     :         1
System Dictionary for jdk.internal.reflect.DelegatingClassLoader @1fc6a8ad class loader statistics:
Number of buckets       :         1 =         8 bytes, each 8
Number of entries       :         1 =        24 bytes, each 24
Total footprint         :           =        32 bytes
Average bucket size     :     1.000
Variance of bucket size :     0.000
Std. dev. of bucket size:     0.000
Maximum bucket size     :         1
System Dictionary for sun.rmi.server.LoaderHandler$Loader @433b1319 class loader statistics:
Number of buckets       :       107 =       856 bytes, each 8
Number of entries       :        21 =       504 bytes, each 24
Total footprint         :           =      1360 bytes
Average bucket size     :     0.196
Variance of bucket size :     0.195
Std. dev. of bucket size:     0.442
Maximum bucket size     :         2
System Dictionary for jdk.internal.reflect.DelegatingClassLoader @1990a65e class loader statistics:
Number of buckets       :         1 =         8 bytes, each 8
Number of entries       :         1 =        24 bytes, each 24
Total footprint         :           =        32 bytes
Average bucket size     :     1.000
Variance of bucket size :     0.000
Std. dev. of bucket size:     0.000
Maximum bucket size     :         1
System Dictionary for jdk.internal.reflect.DelegatingClassLoader @42607a4f class loader statistics:
Number of buckets       :         1 =         8 bytes, each 8
Number of entries       :         1 =        24 bytes, each 24
Total footprint         :           =        32 bytes
Average bucket size     :     1.000
Variance of bucket size :     0.000
Std. dev. of bucket size:     0.000
Maximum bucket size     :         1
System Dictionary for jdk.internal.reflect.DelegatingClassLoader @c81cdd1 class loader statistics:
Number of buckets       :         1 =         8 bytes, each 8
Number of entries       :         1 =        24 bytes, each 24
Total footprint         :           =        32 bytes
Average bucket size     :     1.000
Variance of bucket size :     0.000
Std. dev. of bucket size:     0.000
Maximum bucket size     :         1
System Dictionary for jdk.internal.reflect.DelegatingClassLoader @7403c468 class loader statistics:
Number of buckets       :         1 =         8 bytes, each 8
Number of entries       :         1 =        24 bytes, each 24
Total footprint         :           =        32 bytes
Average bucket size     :     1.000
Variance of bucket size :     0.000
Std. dev. of bucket size:     0.000
Maximum bucket size     :         1
System Dictionary for jdk.internal.reflect.DelegatingClassLoader @8e24743 class loader statistics:
Number of buckets       :         1 =         8 bytes, each 8
Number of entries       :         1 =        24 bytes, each 24
Total footprint         :           =        32 bytes
Average bucket size     :     1.000
Variance of bucket size :     0.000
Std. dev. of bucket size:     0.000
Maximum bucket size     :         1
System Dictionary for 'platform' class loader statistics:
Number of buckets       :       107 =       856 bytes, each 8
Number of entries       :        12 =       288 bytes, each 24
Total footprint         :           =      1144 bytes
Average bucket size     :     0.112
Variance of bucket size :     0.118
Std. dev. of bucket size:     0.344
Maximum bucket size     :         2
System Dictionary for 'app' class loader statistics:
Number of buckets       :      1009 =      8072 bytes, each 8
Number of entries       :        92 =      2208 bytes, each 24
Total footprint         :           =     10280 bytes
Average bucket size     :     0.091
Variance of bucket size :     0.087
Std. dev. of bucket size:     0.295
Maximum bucket size     :         2
System Dictionary for 'bootstrap' class loader statistics:
Number of buckets       :      1009 =      8072 bytes, each 8
Number of entries       :      2233 =     53592 bytes, each 24
Total footprint         :           =     61664 bytes
Average bucket size     :     2.213
Variance of bucket size :     2.285
Std. dev. of bucket size:     1.511
Maximum bucket size     :         9
Placeholder Table statistics:
Number of buckets       :      1009 =      8072 bytes, each 8
Number of entries       :         0 =         0 bytes, each 0
Total footprint         :           =      8072 bytes
Average bucket size     :     0.000
Variance of bucket size :     0.000
Std. dev. of bucket size:     0.000
Maximum bucket size     :         0
LoaderConstraints Table statistics:
Number of buckets       :       107 =       856 bytes, each 8
Number of entries       :        15 =       360 bytes, each 24
Total footprint         :           =      1216 bytes
Average bucket size     :     0.140
Variance of bucket size :     0.158
Std. dev. of bucket size:     0.397
Maximum bucket size     :         2
ProtectionDomainCache Table statistics:
Number of buckets       :      1009 =      8072 bytes, each 8
Number of entries       :         3 =        72 bytes, each 24
Number of literals      :         3 =        15 bytes, avg   5.000
Total footprint         :           =      8159 bytes
Average bucket size     :     0.003
Variance of bucket size :     0.003
Std. dev. of bucket size:     0.054
Maximum bucket size     :         1
