docker exec demoattach jcmd 1 VM.dynlibs
1:
Dynamic libraries:
83600000-84200000 rw-p 00000000 00:00 0 
84200000-100000000 ---p 00000000 00:00 0 
100000000-100220000 rw-p 00000000 00:00 0 
100220000-140000000 ---p 00000000 00:00 0 
564c1f6ac000-564c1f6ae000 r-xp 00000000 08:10 3678889                    /usr/local/openjdk-11/bin/jstatd
564c1f8ad000-564c1f8ae000 r--p 00001000 08:10 3678889                    /usr/local/openjdk-11/bin/jstatd
564c1f8ae000-564c1f8af000 rw-p 00002000 08:10 3678889                    /usr/local/openjdk-11/bin/jstatd
564c2036c000-564c2038d000 rw-p 00000000 00:00 0                          [heap]
7f9c60000000-7f9c60021000 rw-p 00000000 00:00 0 
7f9c60021000-7f9c64000000 ---p 00000000 00:00 0 
7f9c68000000-7f9c68021000 rw-p 00000000 00:00 0 
7f9c68021000-7f9c6c000000 ---p 00000000 00:00 0 
7f9c6c000000-7f9c6c021000 rw-p 00000000 00:00 0 
7f9c6c021000-7f9c70000000 ---p 00000000 00:00 0 
7f9c70000000-7f9c70021000 rw-p 00000000 00:00 0 
7f9c70021000-7f9c74000000 ---p 00000000 00:00 0 
7f9c74000000-7f9c74021000 rw-p 00000000 00:00 0 
7f9c74021000-7f9c78000000 ---p 00000000 00:00 0 
7f9c78000000-7f9c78bb6000 rw-p 00000000 00:00 0 
7f9c78bb6000-7f9c7c000000 ---p 00000000 00:00 0 
7f9c7c000000-7f9c7c7f8000 rw-p 00000000 00:00 0 
7f9c7c7f8000-7f9c80000000 ---p 00000000 00:00 0 
7f9c80000000-7f9c804bb000 rw-p 00000000 00:00 0 
7f9c804bb000-7f9c84000000 ---p 00000000 00:00 0 
7f9c84000000-7f9c84021000 rw-p 00000000 00:00 0 
7f9c84021000-7f9c88000000 ---p 00000000 00:00 0 
7f9c88000000-7f9c88033000 rw-p 00000000 00:00 0 
7f9c88033000-7f9c8c000000 ---p 00000000 00:00 0 
7f9c8c000000-7f9c8c021000 rw-p 00000000 00:00 0 
7f9c8c021000-7f9c90000000 ---p 00000000 00:00 0 
7f9c90000000-7f9c90036000 rw-p 00000000 00:00 0 
7f9c90036000-7f9c94000000 ---p 00000000 00:00 0 
7f9c94000000-7f9c9416d000 rw-p 00000000 00:00 0 
7f9c9416d000-7f9c98000000 ---p 00000000 00:00 0 
7f9c9a9e4000-7f9c9a9e9000 r-xp 00000000 08:10 3805794                    /usr/local/openjdk-11/lib/libmanagement_ext.so
7f9c9a9e9000-7f9c9abe9000 ---p 00005000 08:10 3805794                    /usr/local/openjdk-11/lib/libmanagement_ext.so
7f9c9abe9000-7f9c9abea000 r--p 00005000 08:10 3805794                    /usr/local/openjdk-11/lib/libmanagement_ext.so
7f9c9abea000-7f9c9abeb000 rw-p 00006000 08:10 3805794                    /usr/local/openjdk-11/lib/libmanagement_ext.so
7f9c9abeb000-7f9c9adab000 rw-p 00000000 00:00 0 
7f9c9adab000-7f9c9adeb000 ---p 00000000 00:00 0 
7f9c9adeb000-7f9c9adef000 r-xp 00000000 08:10 3805792                    /usr/local/openjdk-11/lib/libmanagement.so
7f9c9adef000-7f9c9afee000 ---p 00004000 08:10 3805792                    /usr/local/openjdk-11/lib/libmanagement.so
7f9c9afee000-7f9c9afef000 r--p 00003000 08:10 3805792                    /usr/local/openjdk-11/lib/libmanagement.so
7f9c9afef000-7f9c9aff0000 rw-p 00000000 00:00 0 
7f9c9aff0000-7f9c9aff1000 ---p 00000000 00:00 0 
7f9c9aff1000-7f9c9b0f2000 rw-p 00000000 00:00 0 
7f9c9b0f2000-7f9c9b0f6000 ---p 00000000 00:00 0 
7f9c9b0f6000-7f9c9b1f3000 rw-p 00000000 00:00 0 
7f9c9b1f3000-7f9c9b1f7000 ---p 00000000 00:00 0 
7f9c9b1f7000-7f9c9b2f4000 rw-p 00000000 00:00 0 
7f9c9b2f4000-7f9c9b2f8000 ---p 00000000 00:00 0 
7f9c9b2f8000-7f9c9b3f5000 rw-p 00000000 00:00 0 
7f9c9b3f5000-7f9c9b3f6000 ---p 00000000 00:00 0 
7f9c9b3f6000-7f9c9b4f7000 rw-p 00000000 00:00 0 
7f9c9b4f7000-7f9c9b4fb000 ---p 00000000 00:00 0 
7f9c9b4fb000-7f9c9b7f8000 rw-p 00000000 00:00 0 
7f9c9b7f8000-7f9c9b7fc000 ---p 00000000 00:00 0 
7f9c9b7fc000-7f9c9b8f9000 rw-p 00000000 00:00 0 
7f9c9b8f9000-7f9c9b8fd000 ---p 00000000 00:00 0 
7f9c9b8fd000-7f9c9bbfa000 rw-p 00000000 00:00 0 
7f9c9bbfa000-7f9c9bbfe000 ---p 00000000 00:00 0 
7f9c9bbfe000-7f9c9bcfb000 rw-p 00000000 00:00 0 
7f9c9bcfb000-7f9c9bcff000 ---p 00000000 00:00 0 
7f9c9bcff000-7f9c9bdfc000 rw-p 00000000 00:00 0 
7f9c9bdfc000-7f9c9bdfd000 ---p 00000000 00:00 0 
7f9c9bdfd000-7f9c9befe000 rw-p 00000000 00:00 0 
7f9c9befe000-7f9c9beff000 ---p 00000000 00:00 0 
7f9c9beff000-7f9c9c000000 rw-p 00000000 00:00 0 
7f9c9c000000-7f9c9c021000 rw-p 00000000 00:00 0 
7f9c9c021000-7f9ca0000000 ---p 00000000 00:00 0 
7f9ca0000000-7f9ca0021000 rw-p 00000000 00:00 0 
7f9ca0021000-7f9ca4000000 ---p 00000000 00:00 0 
7f9ca4000000-7f9ca4021000 rw-p 00000000 00:00 0 
7f9ca4021000-7f9ca8000000 ---p 00000000 00:00 0 
7f9ca8000000-7f9ca8021000 rw-p 00000000 00:00 0 
7f9ca8021000-7f9cac000000 ---p 00000000 00:00 0 
7f9cac000000-7f9cac037000 rw-p 00000000 00:00 0 
7f9cac037000-7f9cb0000000 ---p 00000000 00:00 0 
7f9cb0000000-7f9cb1036000 rw-p 00000000 00:00 0 
7f9cb1036000-7f9cb4000000 ---p 00000000 00:00 0 
7f9cb4000000-7f9cb4021000 rw-p 00000000 00:00 0 
7f9cb4021000-7f9cb8000000 ---p 00000000 00:00 0 
7f9cb8000000-7f9cb8024000 rw-p 00000000 00:00 0 
7f9cb8024000-7f9cbc000000 ---p 00000000 00:00 0 
7f9cbc000000-7f9cbc021000 rw-p 00000000 00:00 0 
7f9cbc021000-7f9cc0000000 ---p 00000000 00:00 0 
7f9cc0000000-7f9cc0021000 rw-p 00000000 00:00 0 
7f9cc0021000-7f9cc4000000 ---p 00000000 00:00 0 
7f9cc4000000-7f9cc468d000 rw-p 00000000 00:00 0 
7f9cc468d000-7f9cc8000000 ---p 00000000 00:00 0 
7f9cc8000000-7f9cc8021000 rw-p 00000000 00:00 0 
7f9cc8021000-7f9ccc000000 ---p 00000000 00:00 0 
7f9ccc000000-7f9ccc021000 rw-p 00000000 00:00 0 
7f9ccc021000-7f9cd0000000 ---p 00000000 00:00 0 
7f9cd0000000-7f9cd0827000 rw-p 00000000 00:00 0 
7f9cd0827000-7f9cd4000000 ---p 00000000 00:00 0 
7f9cd4000000-7f9cd4021000 rw-p 00000000 00:00 0 
7f9cd4021000-7f9cd8000000 ---p 00000000 00:00 0 
7f9cd8000000-7f9cd8021000 rw-p 00000000 00:00 0 
7f9cd8021000-7f9cdc000000 ---p 00000000 00:00 0 
7f9cdc000000-7f9cdc021000 rw-p 00000000 00:00 0 
7f9cdc021000-7f9ce0000000 ---p 00000000 00:00 0 
7f9ce0000000-7f9ce0437000 rw-p 00000000 00:00 0 
7f9ce0437000-7f9ce4000000 ---p 00000000 00:00 0 
7f9ce4000000-7f9ce4021000 rw-p 00000000 00:00 0 
7f9ce4021000-7f9ce8000000 ---p 00000000 00:00 0 
7f9ce8000000-7f9ce8021000 rw-p 00000000 00:00 0 
7f9ce8021000-7f9cec000000 ---p 00000000 00:00 0 
7f9cec0c3000-7f9cec0c7000 ---p 00000000 00:00 0 
7f9cec0c7000-7f9cec1c4000 rw-p 00000000 00:00 0 
7f9cec1c4000-7f9cec1c8000 ---p 00000000 00:00 0 
7f9cec1c8000-7f9cec2c5000 rw-p 00000000 00:00 0 
7f9cec2c5000-7f9cec2c9000 ---p 00000000 00:00 0 
7f9cec2c9000-7f9cec3c6000 rw-p 00000000 00:00 0 
7f9cec3c6000-7f9cec3c7000 r-xp 00000000 08:10 3805799                    /usr/local/openjdk-11/lib/librmi.so
7f9cec3c7000-7f9cec5c6000 ---p 00001000 08:10 3805799                    /usr/local/openjdk-11/lib/librmi.so
7f9cec5c6000-7f9cec5c7000 r--p 00000000 08:10 3805799                    /usr/local/openjdk-11/lib/librmi.so
7f9cec5c7000-7f9cec5c8000 rw-p 00000000 00:00 0 
7f9cec5c8000-7f9cec5cc000 ---p 00000000 00:00 0 
7f9cec5cc000-7f9cec8c9000 rw-p 00000000 00:00 0 
7f9cec8c9000-7f9cec8cd000 ---p 00000000 00:00 0 
7f9cec8cd000-7f9cec9ca000 rw-p 00000000 00:00 0 
7f9cec9ca000-7f9cec9ce000 ---p 00000000 00:00 0 
7f9cec9ce000-7f9cecacb000 rw-p 00000000 00:00 0 
7f9cecacb000-7f9cecacc000 ---p 00000000 00:00 0 
7f9cecacc000-7f9cecbcd000 rw-p 00000000 00:00 0 
7f9cecbcd000-7f9cecbd1000 ---p 00000000 00:00 0 
7f9cecbd1000-7f9ceccce000 rw-p 00000000 00:00 0 
7f9ceccce000-7f9ceccd2000 ---p 00000000 00:00 0 
7f9ceccd2000-7f9cecdcf000 rw-p 00000000 00:00 0 
7f9cecdcf000-7f9cecde6000 r-xp 00000000 08:10 3805796                    /usr/local/openjdk-11/lib/libnet.so
7f9cecde6000-7f9cecfe5000 ---p 00017000 08:10 3805796                    /usr/local/openjdk-11/lib/libnet.so
7f9cecfe5000-7f9cecfe6000 r--p 00016000 08:10 3805796                    /usr/local/openjdk-11/lib/libnet.so
7f9cecfe6000-7f9cecfe7000 rw-p 00017000 08:10 3805796                    /usr/local/openjdk-11/lib/libnet.so
7f9cecfe7000-7f9cecff7000 r-xp 00000000 08:10 3805797                    /usr/local/openjdk-11/lib/libnio.so
7f9cecff7000-7f9ced1f7000 ---p 00010000 08:10 3805797                    /usr/local/openjdk-11/lib/libnio.so
7f9ced1f7000-7f9ced1f8000 r--p 00010000 08:10 3805797                    /usr/local/openjdk-11/lib/libnio.so
7f9ced1f8000-7f9ced1f9000 rw-p 00011000 08:10 3805797                    /usr/local/openjdk-11/lib/libnio.so
7f9ced1f9000-7f9ced1fa000 ---p 00000000 00:00 0 
7f9ced1fa000-7f9ced2fb000 rw-p 00000000 00:00 0 
7f9ced2fb000-7f9ced2ff000 ---p 00000000 00:00 0 
7f9ced2ff000-7f9ced3fc000 rw-p 00000000 00:00 0 
7f9ced3fc000-7f9ced400000 ---p 00000000 00:00 0 
7f9ced400000-7f9ced4fd000 rw-p 00000000 00:00 0 
7f9ced4fd000-7f9ced501000 ---p 00000000 00:00 0 
7f9ced501000-7f9ced5fe000 rw-p 00000000 00:00 0 
7f9ced5fe000-7f9ced602000 ---p 00000000 00:00 0 
7f9ced602000-7f9ced6ff000 rw-p 00000000 00:00 0 
7f9ced6ff000-7f9ced703000 ---p 00000000 00:00 0 
7f9ced703000-7f9cf0000000 rw-p 00000000 00:00 0 
7f9cf0000000-7f9cf0021000 rw-p 00000000 00:00 0 
7f9cf0021000-7f9cf4000000 ---p 00000000 00:00 0 
7f9cf403d000-7f9cf41b0000 r--p 00000000 08:10 2632028                    /usr/lib/locale/C.UTF-8/LC_COLLATE
7f9cf41b0000-7f9cf41e0000 rw-p 00000000 00:00 0 
7f9cf41e0000-7f9cf60d8000 ---p 00000000 00:00 0 
7f9cf60d8000-7f9cf6108000 rw-p 00000000 00:00 0 
7f9cf6108000-7f9cf8000000 ---p 00000000 00:00 0 
7f9cf8000000-7f9cf8033000 rw-p 00000000 00:00 0 
7f9cf8033000-7f9cfc000000 ---p 00000000 00:00 0 
7f9cfc062000-7f9cfc066000 r--p 00000000 08:10 2368588                    /lib/x86_64-linux-gnu/libresolv-2.28.so
7f9cfc066000-7f9cfc073000 r-xp 00004000 08:10 2368588                    /lib/x86_64-linux-gnu/libresolv-2.28.so
7f9cfc073000-7f9cfc077000 r--p 00011000 08:10 2368588                    /lib/x86_64-linux-gnu/libresolv-2.28.so
7f9cfc077000-7f9cfc078000 ---p 00015000 08:10 2368588                    /lib/x86_64-linux-gnu/libresolv-2.28.so
7f9cfc078000-7f9cfc079000 r--p 00015000 08:10 2368588                    /lib/x86_64-linux-gnu/libresolv-2.28.so
7f9cfc079000-7f9cfc07a000 rw-p 00016000 08:10 2368588                    /lib/x86_64-linux-gnu/libresolv-2.28.so
7f9cfc07a000-7f9cfc0ad000 rw-p 00000000 00:00 0 
7f9cfc0ad000-7f9cfc0b0000 r--p 00000000 08:10 2368569                    /lib/x86_64-linux-gnu/libnss_files-2.28.so
7f9cfc0b0000-7f9cfc0b7000 r-xp 00003000 08:10 2368569                    /lib/x86_64-linux-gnu/libnss_files-2.28.so
7f9cfc0b7000-7f9cfc0b9000 r--p 0000a000 08:10 2368569                    /lib/x86_64-linux-gnu/libnss_files-2.28.so
7f9cfc0b9000-7f9cfc0ba000 ---p 0000c000 08:10 2368569                    /lib/x86_64-linux-gnu/libnss_files-2.28.so
7f9cfc0ba000-7f9cfc0bb000 r--p 0000c000 08:10 2368569                    /lib/x86_64-linux-gnu/libnss_files-2.28.so
7f9cfc0bb000-7f9cfc0bc000 rw-p 0000d000 08:10 2368569                    /lib/x86_64-linux-gnu/libnss_files-2.28.so
7f9cfc0bc000-7f9cfc0c2000 rw-p 00000000 00:00 0 
7f9cfc0c2000-7f9cfc0f4000 r--p 00000000 08:10 2632029                    /usr/lib/locale/C.UTF-8/LC_CTYPE
7f9cfc0f4000-7f9cfc0f8000 ---p 00000000 00:00 0 
7f9cfc0f8000-7f9cfc1f5000 rw-p 00000000 00:00 0 
7f9cfc1f5000-7f9cfc1f9000 ---p 00000000 00:00 0 
7f9cfc1f9000-7f9cfc2f6000 rw-p 00000000 00:00 0 
7f9cfc2f6000-7f9cfc2f7000 ---p 00000000 00:00 0 
7f9cfc2f7000-7f9cfc4fc000 rw-p 00000000 00:00 0 
7f9cfc4fc000-7f9cfc4fd000 ---p 00000000 00:00 0 
7f9cfc4fd000-7f9cfc5fe000 rw-p 00000000 00:00 0 
7f9cfc5fe000-7f9cfc5ff000 ---p 00000000 00:00 0 
7f9cfc5ff000-7f9cfc902000 rw-p 00000000 00:00 0 
7f9cfc902000-7f9cfcb72000 rwxp 00000000 00:00 0 
7f9cfcb72000-7f9cfce93000 ---p 00000000 00:00 0 
7f9cfce93000-7f9cfd303000 rwxp 00000000 00:00 0 
7f9cfd303000-7f9d043ca000 ---p 00000000 00:00 0 
7f9d043ca000-7f9d0463a000 rwxp 00000000 00:00 0 
7f9d0463a000-7f9d0b902000 ---p 00000000 00:00 0 
7f9d0b902000-7f9d14000000 r--s 00000000 08:10 3805807                    /usr/local/openjdk-11/lib/modules
7f9d14000000-7f9d142d4000 rw-p 00000000 00:00 0 
7f9d142d4000-7f9d18000000 ---p 00000000 00:00 0 
7f9d1800b000-7f9d1800c000 r--p 00000000 08:10 2368567                    /lib/x86_64-linux-gnu/libnss_dns-2.28.so
7f9d1800c000-7f9d18010000 r-xp 00001000 08:10 2368567                    /lib/x86_64-linux-gnu/libnss_dns-2.28.so
7f9d18010000-7f9d18011000 r--p 00005000 08:10 2368567                    /lib/x86_64-linux-gnu/libnss_dns-2.28.so
7f9d18011000-7f9d18012000 r--p 00005000 08:10 2368567                    /lib/x86_64-linux-gnu/libnss_dns-2.28.so
7f9d18012000-7f9d18013000 rw-p 00006000 08:10 2368567                    /lib/x86_64-linux-gnu/libnss_dns-2.28.so
7f9d18017000-7f9d18018000 r--p 00000000 08:10 2632036                    /usr/lib/locale/C.UTF-8/LC_NUMERIC
7f9d18018000-7f9d18019000 r--p 00000000 08:10 2632039                    /usr/lib/locale/C.UTF-8/LC_TIME
7f9d18019000-7f9d1801a000 r--p 00000000 08:10 2632034                    /usr/lib/locale/C.UTF-8/LC_MONETARY
7f9d1801a000-7f9d1801b000 r--p 00000000 08:10 2632033                    /usr/lib/locale/C.UTF-8/LC_MESSAGES/SYS_LC_MESSAGES
7f9d1801b000-7f9d1801c000 r--p 00000000 08:10 2632037                    /usr/lib/locale/C.UTF-8/LC_PAPER
7f9d1801c000-7f9d1801d000 r--p 00000000 08:10 2632035                    /usr/lib/locale/C.UTF-8/LC_NAME
7f9d1801d000-7f9d1801e000 r--p 00000000 08:10 2632027                    /usr/lib/locale/C.UTF-8/LC_ADDRESS
7f9d1801e000-7f9d1801f000 r--p 00000000 08:10 2632038                    /usr/lib/locale/C.UTF-8/LC_TELEPHONE
7f9d1801f000-7f9d18026000 r--s 00000000 08:10 2632309                    /usr/lib/x86_64-linux-gnu/gconv/gconv-modules.cache
7f9d18026000-7f9d1866e000 rw-p 00000000 00:00 0 
7f9d1866e000-7f9d1866f000 ---p 00000000 00:00 0 
7f9d1866f000-7f9d18770000 rw-p 00000000 00:00 0 
7f9d18770000-7f9d18771000 ---p 00000000 00:00 0 
7f9d18771000-7f9d188f9000 rw-p 00000000 00:00 0 
7f9d188f9000-7f9d18cd8000 ---p 00000000 00:00 0 
7f9d18cd8000-7f9d18cde000 rw-p 00000000 00:00 0 
7f9d18cde000-7f9d190bd000 ---p 00000000 00:00 0 
7f9d190bd000-7f9d190c3000 rw-p 00000000 00:00 0 
7f9d190c3000-7f9d194a2000 ---p 00000000 00:00 0 
7f9d194a2000-7f9d19caa000 rw-p 00000000 00:00 0 
7f9d19caa000-7f9d19cab000 ---p 00000000 00:00 0 
7f9d19cab000-7f9d19db1000 rw-p 00000000 00:00 0 
7f9d19db1000-7f9d19e97000 ---p 00000000 00:00 0 
7f9d19e97000-7f9d19ea0000 rw-p 00000000 00:00 0 
7f9d19ea0000-7f9d19f82000 ---p 00000000 00:00 0 
7f9d19f82000-7f9d19f87000 rw-p 00000000 00:00 0 
7f9d19f87000-7f9d19f8e000 ---p 00000000 00:00 0 
7f9d19f8e000-7f9d19f95000 r-xp 00000000 08:10 3805806                    /usr/local/openjdk-11/lib/libzip.so
7f9d19f95000-7f9d1a195000 ---p 00007000 08:10 3805806                    /usr/local/openjdk-11/lib/libzip.so
7f9d1a195000-7f9d1a196000 r--p 00007000 08:10 3805806                    /usr/local/openjdk-11/lib/libzip.so
7f9d1a196000-7f9d1a197000 rw-p 00000000 00:00 0 
7f9d1a197000-7f9d1a1a2000 r-xp 00000000 08:10 3805788                    /usr/local/openjdk-11/lib/libjimage.so
7f9d1a1a2000-7f9d1a3a1000 ---p 0000b000 08:10 3805788                    /usr/local/openjdk-11/lib/libjimage.so
7f9d1a3a1000-7f9d1a3a2000 r--p 0000a000 08:10 3805788                    /usr/local/openjdk-11/lib/libjimage.so
7f9d1a3a2000-7f9d1a3a3000 rw-p 0000b000 08:10 3805788                    /usr/local/openjdk-11/lib/libjimage.so
7f9d1a3a3000-7f9d1a3cc000 r-xp 00000000 08:10 3805784                    /usr/local/openjdk-11/lib/libjava.so
7f9d1a3cc000-7f9d1a5cc000 ---p 00029000 08:10 3805784                    /usr/local/openjdk-11/lib/libjava.so
7f9d1a5cc000-7f9d1a5cd000 r--p 00029000 08:10 3805784                    /usr/local/openjdk-11/lib/libjava.so
7f9d1a5cd000-7f9d1a5ce000 rw-p 0002a000 08:10 3805784                    /usr/local/openjdk-11/lib/libjava.so
7f9d1a5ce000-7f9d1a5cf000 rw-p 00000000 00:00 0 
7f9d1a5cf000-7f9d1a5dd000 r-xp 00000000 08:10 3805805                    /usr/local/openjdk-11/lib/libverify.so
7f9d1a5dd000-7f9d1a7dc000 ---p 0000e000 08:10 3805805                    /usr/local/openjdk-11/lib/libverify.so
7f9d1a7dc000-7f9d1a7de000 r--p 0000d000 08:10 3805805                    /usr/local/openjdk-11/lib/libverify.so
7f9d1a7de000-7f9d1a7df000 rw-p 00000000 00:00 0 
7f9d1a7df000-7f9d1a7e1000 r--p 00000000 08:10 2368590                    /lib/x86_64-linux-gnu/librt-2.28.so
7f9d1a7e1000-7f9d1a7e5000 r-xp 00002000 08:10 2368590                    /lib/x86_64-linux-gnu/librt-2.28.so
7f9d1a7e5000-7f9d1a7e7000 r--p 00006000 08:10 2368590                    /lib/x86_64-linux-gnu/librt-2.28.so
7f9d1a7e7000-7f9d1a7e8000 r--p 00007000 08:10 2368590                    /lib/x86_64-linux-gnu/librt-2.28.so
7f9d1a7e8000-7f9d1a7e9000 rw-p 00008000 08:10 2368590                    /lib/x86_64-linux-gnu/librt-2.28.so
7f9d1a7e9000-7f9d1a7ed000 ---p 00000000 00:00 0 
7f9d1a7ed000-7f9d1a8ea000 rw-p 00000000 00:00 0 
7f9d1a8ea000-7f9d1a8ed000 r--p 00000000 08:10 2368545                    /lib/x86_64-linux-gnu/libgcc_s.so.1
7f9d1a8ed000-7f9d1a8fe000 r-xp 00003000 08:10 2368545                    /lib/x86_64-linux-gnu/libgcc_s.so.1
7f9d1a8fe000-7f9d1a901000 r--p 00014000 08:10 2368545                    /lib/x86_64-linux-gnu/libgcc_s.so.1
7f9d1a901000-7f9d1a902000 ---p 00017000 08:10 2368545                    /lib/x86_64-linux-gnu/libgcc_s.so.1
7f9d1a902000-7f9d1a903000 r--p 00017000 08:10 2368545                    /lib/x86_64-linux-gnu/libgcc_s.so.1
7f9d1a903000-7f9d1a904000 rw-p 00018000 08:10 2368545                    /lib/x86_64-linux-gnu/libgcc_s.so.1
7f9d1a904000-7f9d1a911000 r--p 00000000 08:10 2368552                    /lib/x86_64-linux-gnu/libm-2.28.so
7f9d1a911000-7f9d1a9b0000 r-xp 0000d000 08:10 2368552                    /lib/x86_64-linux-gnu/libm-2.28.so
7f9d1a9b0000-7f9d1aa85000 r--p 000ac000 08:10 2368552                    /lib/x86_64-linux-gnu/libm-2.28.so
7f9d1aa85000-7f9d1aa86000 r--p 00180000 08:10 2368552                    /lib/x86_64-linux-gnu/libm-2.28.so
7f9d1aa86000-7f9d1aa87000 rw-p 00181000 08:10 2368552                    /lib/x86_64-linux-gnu/libm-2.28.so
7f9d1aa87000-7f9d1ab10000 r--p 00000000 08:10 2632357                    /usr/lib/x86_64-linux-gnu/libstdc++.so.6.0.25
7f9d1ab10000-7f9d1abbc000 r-xp 00089000 08:10 2632357                    /usr/lib/x86_64-linux-gnu/libstdc++.so.6.0.25
7f9d1abbc000-7f9d1abfa000 r--p 00135000 08:10 2632357                    /usr/lib/x86_64-linux-gnu/libstdc++.so.6.0.25
7f9d1abfa000-7f9d1abfb000 ---p 00173000 08:10 2632357                    /usr/lib/x86_64-linux-gnu/libstdc++.so.6.0.25
7f9d1abfb000-7f9d1ac05000 r--p 00173000 08:10 2632357                    /usr/lib/x86_64-linux-gnu/libstdc++.so.6.0.25
7f9d1ac05000-7f9d1ac07000 rw-p 0017d000 08:10 2632357                    /usr/lib/x86_64-linux-gnu/libstdc++.so.6.0.25
7f9d1ac07000-7f9d1ac0b000 rw-p 00000000 00:00 0 
7f9d1ac0b000-7f9d1bcef000 r-xp 00000000 08:10 3805818                    /usr/local/openjdk-11/lib/server/libjvm.so
7f9d1bcef000-7f9d1beef000 ---p 010e4000 08:10 3805818                    /usr/local/openjdk-11/lib/server/libjvm.so
7f9d1beef000-7f9d1bfc7000 r--p 010e4000 08:10 3805818                    /usr/local/openjdk-11/lib/server/libjvm.so
7f9d1bfc7000-7f9d1c000000 rw-p 011bc000 08:10 3805818                    /usr/local/openjdk-11/lib/server/libjvm.so
7f9d1c000000-7f9d1c059000 rw-p 00000000 00:00 0 
7f9d1c059000-7f9d1c07b000 r--p 00000000 08:10 2368527                    /lib/x86_64-linux-gnu/libc-2.28.so
7f9d1c07b000-7f9d1c1c3000 r-xp 00022000 08:10 2368527                    /lib/x86_64-linux-gnu/libc-2.28.so
7f9d1c1c3000-7f9d1c20f000 r--p 0016a000 08:10 2368527                    /lib/x86_64-linux-gnu/libc-2.28.so
7f9d1c20f000-7f9d1c210000 ---p 001b6000 08:10 2368527                    /lib/x86_64-linux-gnu/libc-2.28.so
7f9d1c210000-7f9d1c214000 r--p 001b6000 08:10 2368527                    /lib/x86_64-linux-gnu/libc-2.28.so
7f9d1c214000-7f9d1c216000 rw-p 001ba000 08:10 2368527                    /lib/x86_64-linux-gnu/libc-2.28.so
7f9d1c216000-7f9d1c21a000 rw-p 00000000 00:00 0 
7f9d1c21a000-7f9d1c21b000 r--p 00000000 08:10 2368537                    /lib/x86_64-linux-gnu/libdl-2.28.so
7f9d1c21b000-7f9d1c21c000 r-xp 00001000 08:10 2368537                    /lib/x86_64-linux-gnu/libdl-2.28.so
7f9d1c21c000-7f9d1c21d000 r--p 00002000 08:10 2368537                    /lib/x86_64-linux-gnu/libdl-2.28.so
7f9d1c21d000-7f9d1c21e000 r--p 00002000 08:10 2368537                    /lib/x86_64-linux-gnu/libdl-2.28.so
7f9d1c21e000-7f9d1c21f000 rw-p 00003000 08:10 2368537                    /lib/x86_64-linux-gnu/libdl-2.28.so
7f9d1c21f000-7f9d1c22e000 r-xp 00000000 08:10 3805768                    /usr/local/openjdk-11/lib/jli/libjli.so
7f9d1c22e000-7f9d1c42d000 ---p 0000f000 08:10 3805768                    /usr/local/openjdk-11/lib/jli/libjli.so
7f9d1c42d000-7f9d1c42e000 r--p 0000e000 08:10 3805768                    /usr/local/openjdk-11/lib/jli/libjli.so
7f9d1c42e000-7f9d1c42f000 rw-p 0000f000 08:10 3805768                    /usr/local/openjdk-11/lib/jli/libjli.so
7f9d1c42f000-7f9d1c435000 r--p 00000000 08:10 2368586                    /lib/x86_64-linux-gnu/libpthread-2.28.so
7f9d1c435000-7f9d1c444000 r-xp 00006000 08:10 2368586                    /lib/x86_64-linux-gnu/libpthread-2.28.so
7f9d1c444000-7f9d1c44a000 r--p 00015000 08:10 2368586                    /lib/x86_64-linux-gnu/libpthread-2.28.so
7f9d1c44a000-7f9d1c44b000 r--p 0001a000 08:10 2368586                    /lib/x86_64-linux-gnu/libpthread-2.28.so
7f9d1c44b000-7f9d1c44c000 rw-p 0001b000 08:10 2368586                    /lib/x86_64-linux-gnu/libpthread-2.28.so
7f9d1c44c000-7f9d1c450000 rw-p 00000000 00:00 0 
7f9d1c450000-7f9d1c46c000 r-xp 00000000 08:10 2368611                    /lib/x86_64-linux-gnu/libz.so.1.2.11
7f9d1c46c000-7f9d1c66c000 ---p 0001c000 08:10 2368611                    /lib/x86_64-linux-gnu/libz.so.1.2.11
7f9d1c66c000-7f9d1c66d000 r--p 0001c000 08:10 2368611                    /lib/x86_64-linux-gnu/libz.so.1.2.11
7f9d1c66d000-7f9d1c66e000 rw-p 0001d000 08:10 2368611                    /lib/x86_64-linux-gnu/libz.so.1.2.11
7f9d1c66e000-7f9d1c670000 rw-p 00000000 00:00 0 
7f9d1c670000-7f9d1c671000 r--p 00000000 08:10 2632031                    /usr/lib/locale/C.UTF-8/LC_MEASUREMENT
7f9d1c671000-7f9d1c672000 r--p 00000000 08:10 2632030                    /usr/lib/locale/C.UTF-8/LC_IDENTIFICATION
7f9d1c672000-7f9d1c673000 ---p 00000000 00:00 0 
7f9d1c673000-7f9d1c674000 r--p 00000000 00:00 0 
7f9d1c674000-7f9d1c675000 r--p 00000000 08:10 2368513                    /lib/x86_64-linux-gnu/ld-2.28.so
7f9d1c675000-7f9d1c693000 r-xp 00001000 08:10 2368513                    /lib/x86_64-linux-gnu/ld-2.28.so
7f9d1c693000-7f9d1c69b000 r--p 0001f000 08:10 2368513                    /lib/x86_64-linux-gnu/ld-2.28.so
7f9d1c69b000-7f9d1c69c000 r--p 00026000 08:10 2368513                    /lib/x86_64-linux-gnu/ld-2.28.so
7f9d1c69c000-7f9d1c69d000 rw-p 00027000 08:10 2368513                    /lib/x86_64-linux-gnu/ld-2.28.so
7f9d1c69d000-7f9d1c69e000 rw-p 00000000 00:00 0 
7ffc706ad000-7ffc706ce000 rw-p 00000000 00:00 0                          [stack]
7ffc707a4000-7ffc707a7000 r--p 00000000 00:00 0                          [vvar]
7ffc707a7000-7ffc707a9000 r-xp 00000000 00:00 0                          [vdso]
ffffffffff600000-ffffffffff601000 r-xp 00000000 00:00 0                  [vsyscall]

