docker exec demoattach jcmd 1 VM.system_properties
1:
#Mon Mar 29 06:03:12 UTC 2021
awt.toolkit=sun.awt.X11.XToolkit
java.specification.version=11
sun.cpu.isalist=
sun.jnu.encoding=UTF-8
java.class.path=
java.vm.vendor=Oracle Corporation
sun.arch.data.model=64
java.vendor.url=https\://openjdk.java.net/
user.timezone=Etc/UTC
java.vm.specification.version=11
os.name=Linux
sun.java.launcher=SUN_STANDARD
sun.boot.library.path=/usr/local/openjdk-11/lib
sun.java.command=jdk.jstatd/sun.tools.jstatd.Jstatd -p 10086
jdk.debug=release
sun.cpu.endian=little
user.home=/root
user.language=en
java.specification.vendor=Oracle Corporation
java.version.date=2020-07-14
java.home=/usr/local/openjdk-11
file.separator=/
java.vm.compressedOopsMode=32-bit
line.separator=\n
java.specification.name=Java Platform API Specification
java.vm.specification.vendor=Oracle Corporation
java.awt.graphicsenv=sun.awt.X11GraphicsEnvironment
jdk.module.main.class=sun.tools.jstatd.Jstatd
jdk.module.main=jdk.jstatd
sun.management.compiler=HotSpot 64-Bit Tiered Compilers
java.runtime.version=11.0.8+10
user.name=root
path.separator=\:
os.version=4.15.0-136-generic
java.security.policy=/jstatd.policy
java.runtime.name=OpenJDK Runtime Environment
file.encoding=UTF-8
java.vm.name=OpenJDK 64-Bit Server VM
java.vendor.version=18.9
java.vendor.url.bug=https\://bugreport.java.com/bugreport/
java.io.tmpdir=/tmp
java.version=11.0.8
user.dir=/
os.arch=amd64
java.rmi.server.logCalls=true
java.vm.specification.name=Java Virtual Machine Specification
java.awt.printerjob=sun.print.PSPrinterJob
java.rmi.server.ignoreSubClasses=true
sun.os.patch.level=unknown
application.home=/usr/local/openjdk-11
java.library.path=/usr/java/packages/lib\:/usr/lib64\:/lib64\:/lib\:/usr/lib
java.vm.info=mixed mode
java.vendor=N/A
java.vm.version=11.0.8+10
java.rmi.server.hostname=server01
java.rmi.server.randomIDs=true
sun.io.unicode.encoding=UnicodeLittle
java.class.version=55.0
