docker exec demoattach jcmd 1 VM.dynlibs
1:
Dynamic libraries:
83600000-84000000 rw-p 00000000 00:00 0 
84000000-100000000 ---p 00000000 00:00 0 
100000000-100220000 rw-p 00000000 00:00 0 
100220000-140000000 ---p 00000000 00:00 0 
562767b63000-562767b65000 r-xp 00000000 08:10 3678889                    /usr/local/openjdk-11/bin/jstatd
562767d64000-562767d65000 r--p 00001000 08:10 3678889                    /usr/local/openjdk-11/bin/jstatd
562767d65000-562767d66000 rw-p 00002000 08:10 3678889                    /usr/local/openjdk-11/bin/jstatd
5627696d2000-5627696f3000 rw-p 00000000 00:00 0                          [heap]
7fc018000000-7fc018021000 rw-p 00000000 00:00 0 
7fc018021000-7fc01c000000 ---p 00000000 00:00 0 
7fc020000000-7fc020058000 rw-p 00000000 00:00 0 
7fc020058000-7fc024000000 ---p 00000000 00:00 0 
7fc024000000-7fc024021000 rw-p 00000000 00:00 0 
7fc024021000-7fc028000000 ---p 00000000 00:00 0 
7fc028000000-7fc028021000 rw-p 00000000 00:00 0 
7fc028021000-7fc02c000000 ---p 00000000 00:00 0 
7fc02faf9000-7fc02fafa000 ---p 00000000 00:00 0 
7fc02fafa000-7fc02fbfb000 rw-p 00000000 00:00 0 
7fc02fbfb000-7fc02fbff000 ---p 00000000 00:00 0 
7fc02fbff000-7fc02fcfc000 rw-p 00000000 00:00 0 
7fc02fcfc000-7fc02fd00000 ---p 00000000 00:00 0 
7fc02fd00000-7fc02fdfd000 rw-p 00000000 00:00 0 
7fc02fdfd000-7fc02fe01000 ---p 00000000 00:00 0 
7fc02fe01000-7fc02fefe000 rw-p 00000000 00:00 0 
7fc02fefe000-7fc02feff000 ---p 00000000 00:00 0 
7fc02feff000-7fc030000000 rw-p 00000000 00:00 0 
7fc030000000-7fc0303cf000 rw-p 00000000 00:00 0 
7fc0303cf000-7fc034000000 ---p 00000000 00:00 0 
7fc034000000-7fc034021000 rw-p 00000000 00:00 0 
7fc034021000-7fc038000000 ---p 00000000 00:00 0 
7fc038000000-7fc038f23000 rw-p 00000000 00:00 0 
7fc038f23000-7fc03c000000 ---p 00000000 00:00 0 
7fc03c000000-7fc03c021000 rw-p 00000000 00:00 0 
7fc03c021000-7fc040000000 ---p 00000000 00:00 0 
7fc040000000-7fc040021000 rw-p 00000000 00:00 0 
7fc040021000-7fc044000000 ---p 00000000 00:00 0 
7fc044000000-7fc045087000 rw-p 00000000 00:00 0 
7fc045087000-7fc048000000 ---p 00000000 00:00 0 
7fc048000000-7fc048027000 rw-p 00000000 00:00 0 
7fc048027000-7fc04c000000 ---p 00000000 00:00 0 
7fc04c000000-7fc04c033000 rw-p 00000000 00:00 0 
7fc04c033000-7fc050000000 ---p 00000000 00:00 0 
7fc050000000-7fc050021000 rw-p 00000000 00:00 0 
7fc050021000-7fc054000000 ---p 00000000 00:00 0 
7fc054000000-7fc054180000 rw-p 00000000 00:00 0 
7fc054180000-7fc058000000 ---p 00000000 00:00 0 
7fc058000000-7fc058021000 rw-p 00000000 00:00 0 
7fc058021000-7fc05c000000 ---p 00000000 00:00 0 
7fc05c000000-7fc05c021000 rw-p 00000000 00:00 0 
7fc05c021000-7fc060000000 ---p 00000000 00:00 0 
7fc060000000-7fc060025000 rw-p 00000000 00:00 0 
7fc060025000-7fc064000000 ---p 00000000 00:00 0 
7fc064000000-7fc064021000 rw-p 00000000 00:00 0 
7fc064021000-7fc068000000 ---p 00000000 00:00 0 
7fc068000000-7fc068021000 rw-p 00000000 00:00 0 
7fc068021000-7fc06c000000 ---p 00000000 00:00 0 
7fc06c000000-7fc06c021000 rw-p 00000000 00:00 0 
7fc06c021000-7fc070000000 ---p 00000000 00:00 0 
7fc070000000-7fc070021000 rw-p 00000000 00:00 0 
7fc070021000-7fc074000000 ---p 00000000 00:00 0 
7fc074000000-7fc074021000 rw-p 00000000 00:00 0 
7fc074021000-7fc078000000 ---p 00000000 00:00 0 
7fc078000000-7fc07855f000 rw-p 00000000 00:00 0 
7fc07855f000-7fc07c000000 ---p 00000000 00:00 0 
7fc07c000000-7fc07c061000 rw-p 00000000 00:00 0 
7fc07c061000-7fc080000000 ---p 00000000 00:00 0 
7fc080000000-7fc080021000 rw-p 00000000 00:00 0 
7fc080021000-7fc084000000 ---p 00000000 00:00 0 
7fc084000000-7fc084e0d000 rw-p 00000000 00:00 0 
7fc084e0d000-7fc088000000 ---p 00000000 00:00 0 
7fc088000000-7fc088021000 rw-p 00000000 00:00 0 
7fc088021000-7fc08c000000 ---p 00000000 00:00 0 
7fc08c000000-7fc08c021000 rw-p 00000000 00:00 0 
7fc08c021000-7fc090000000 ---p 00000000 00:00 0 
7fc090000000-7fc090021000 rw-p 00000000 00:00 0 
7fc090021000-7fc094000000 ---p 00000000 00:00 0 
7fc094000000-7fc0943bc000 rw-p 00000000 00:00 0 
7fc0943bc000-7fc098000000 ---p 00000000 00:00 0 
7fc098000000-7fc098021000 rw-p 00000000 00:00 0 
7fc098021000-7fc09c000000 ---p 00000000 00:00 0 
7fc09c000000-7fc09c021000 rw-p 00000000 00:00 0 
7fc09c021000-7fc0a0000000 ---p 00000000 00:00 0 
7fc0a00c8000-7fc0a0288000 rw-p 00000000 00:00 0 
7fc0a0288000-7fc0a02c8000 ---p 00000000 00:00 0 
7fc0a02c8000-7fc0a02cc000 ---p 00000000 00:00 0 
7fc0a02cc000-7fc0a03c9000 rw-p 00000000 00:00 0 
7fc0a03c9000-7fc0a03cd000 ---p 00000000 00:00 0 
7fc0a03cd000-7fc0a06ca000 rw-p 00000000 00:00 0 
7fc0a06ca000-7fc0a06cf000 r-xp 00000000 08:10 3805794                    /usr/local/openjdk-11/lib/libmanagement_ext.so
7fc0a06cf000-7fc0a08cf000 ---p 00005000 08:10 3805794                    /usr/local/openjdk-11/lib/libmanagement_ext.so
7fc0a08cf000-7fc0a08d0000 r--p 00005000 08:10 3805794                    /usr/local/openjdk-11/lib/libmanagement_ext.so
7fc0a08d0000-7fc0a08d1000 rw-p 00006000 08:10 3805794                    /usr/local/openjdk-11/lib/libmanagement_ext.so
7fc0a08d1000-7fc0a08d5000 r-xp 00000000 08:10 3805792                    /usr/local/openjdk-11/lib/libmanagement.so
7fc0a08d5000-7fc0a0ad4000 ---p 00004000 08:10 3805792                    /usr/local/openjdk-11/lib/libmanagement.so
7fc0a0ad4000-7fc0a0ad5000 r--p 00003000 08:10 3805792                    /usr/local/openjdk-11/lib/libmanagement.so
7fc0a0ad5000-7fc0a0ad6000 rw-p 00000000 00:00 0 
7fc0a0ad6000-7fc0a0ada000 ---p 00000000 00:00 0 
7fc0a0ada000-7fc0a0dd7000 rw-p 00000000 00:00 0 
7fc0a0dd7000-7fc0a0ddb000 ---p 00000000 00:00 0 
7fc0a0ddb000-7fc0a0ed8000 rw-p 00000000 00:00 0 
7fc0a0ed8000-7fc0a0edc000 ---p 00000000 00:00 0 
7fc0a0edc000-7fc0a0fd9000 rw-p 00000000 00:00 0 
7fc0a0fd9000-7fc0a0fdd000 ---p 00000000 00:00 0 
7fc0a0fdd000-7fc0a10da000 rw-p 00000000 00:00 0 
7fc0a10da000-7fc0a10db000 ---p 00000000 00:00 0 
7fc0a10db000-7fc0a11dc000 rw-p 00000000 00:00 0 
7fc0a11dc000-7fc0a11dd000 ---p 00000000 00:00 0 
7fc0a11dd000-7fc0a12de000 rw-p 00000000 00:00 0 
7fc0a12de000-7fc0a12e2000 ---p 00000000 00:00 0 
7fc0a12e2000-7fc0a13df000 rw-p 00000000 00:00 0 
7fc0a13df000-7fc0a13e3000 ---p 00000000 00:00 0 
7fc0a13e3000-7fc0a14e0000 rw-p 00000000 00:00 0 
7fc0a14e0000-7fc0a14e4000 ---p 00000000 00:00 0 
7fc0a14e4000-7fc0a15e1000 rw-p 00000000 00:00 0 
7fc0a15e1000-7fc0a15e2000 r-xp 00000000 08:10 3805799                    /usr/local/openjdk-11/lib/librmi.so
7fc0a15e2000-7fc0a17e1000 ---p 00001000 08:10 3805799                    /usr/local/openjdk-11/lib/librmi.so
7fc0a17e1000-7fc0a17e2000 r--p 00000000 08:10 3805799                    /usr/local/openjdk-11/lib/librmi.so
7fc0a17e2000-7fc0a17e3000 rw-p 00000000 00:00 0 
7fc0a17e3000-7fc0a17e7000 ---p 00000000 00:00 0 
7fc0a17e7000-7fc0a1ae4000 rw-p 00000000 00:00 0 
7fc0a1ae4000-7fc0a1ae8000 ---p 00000000 00:00 0 
7fc0a1ae8000-7fc0a1be5000 rw-p 00000000 00:00 0 
7fc0a1be5000-7fc0a1be6000 ---p 00000000 00:00 0 
7fc0a1be6000-7fc0a1ce7000 rw-p 00000000 00:00 0 
7fc0a1ce7000-7fc0a1ceb000 ---p 00000000 00:00 0 
7fc0a1ceb000-7fc0a1de8000 rw-p 00000000 00:00 0 
7fc0a1de8000-7fc0a1dff000 r-xp 00000000 08:10 3805796                    /usr/local/openjdk-11/lib/libnet.so
7fc0a1dff000-7fc0a1ffe000 ---p 00017000 08:10 3805796                    /usr/local/openjdk-11/lib/libnet.so
7fc0a1ffe000-7fc0a1fff000 r--p 00016000 08:10 3805796                    /usr/local/openjdk-11/lib/libnet.so
7fc0a1fff000-7fc0a2000000 rw-p 00017000 08:10 3805796                    /usr/local/openjdk-11/lib/libnet.so
7fc0a2000000-7fc0a4000000 rw-p 00000000 00:00 0 
7fc0a4000000-7fc0a4021000 rw-p 00000000 00:00 0 
7fc0a4021000-7fc0a8000000 ---p 00000000 00:00 0 
7fc0a80af000-7fc0a80b3000 ---p 00000000 00:00 0 
7fc0a80b3000-7fc0a81d8000 rw-p 00000000 00:00 0 
7fc0a81d8000-7fc0aa0d8000 ---p 00000000 00:00 0 
7fc0aa0d8000-7fc0aa100000 rw-p 00000000 00:00 0 
7fc0aa100000-7fc0ac000000 ---p 00000000 00:00 0 
7fc0ac000000-7fc0ac031000 rw-p 00000000 00:00 0 
7fc0ac031000-7fc0b0000000 ---p 00000000 00:00 0 
7fc0b0046000-7fc0b0077000 rw-p 00000000 00:00 0 
7fc0b0077000-7fc0b0087000 r-xp 00000000 08:10 3805797                    /usr/local/openjdk-11/lib/libnio.so
7fc0b0087000-7fc0b0287000 ---p 00010000 08:10 3805797                    /usr/local/openjdk-11/lib/libnio.so
7fc0b0287000-7fc0b0288000 r--p 00010000 08:10 3805797                    /usr/local/openjdk-11/lib/libnio.so
7fc0b0288000-7fc0b0289000 rw-p 00011000 08:10 3805797                    /usr/local/openjdk-11/lib/libnio.so
7fc0b0289000-7fc0b028a000 ---p 00000000 00:00 0 
7fc0b028a000-7fc0b038b000 rw-p 00000000 00:00 0 
7fc0b038b000-7fc0b038f000 ---p 00000000 00:00 0 
7fc0b038f000-7fc0b048c000 rw-p 00000000 00:00 0 
7fc0b048c000-7fc0b0490000 ---p 00000000 00:00 0 
7fc0b0490000-7fc0b058d000 rw-p 00000000 00:00 0 
7fc0b058d000-7fc0b0591000 ---p 00000000 00:00 0 
7fc0b0591000-7fc0b068e000 rw-p 00000000 00:00 0 
7fc0b068e000-7fc0b0692000 ---p 00000000 00:00 0 
7fc0b0692000-7fc0b078f000 rw-p 00000000 00:00 0 
7fc0b078f000-7fc0b0902000 r--p 00000000 08:10 2632028                    /usr/lib/locale/C.UTF-8/LC_COLLATE
7fc0b0902000-7fc0b0b72000 rwxp 00000000 00:00 0 
7fc0b0b72000-7fc0b0e93000 ---p 00000000 00:00 0 
7fc0b0e93000-7fc0b12d3000 rwxp 00000000 00:00 0 
7fc0b12d3000-7fc0b83ca000 ---p 00000000 00:00 0 
7fc0b83ca000-7fc0b863a000 rwxp 00000000 00:00 0 
7fc0b863a000-7fc0bf902000 ---p 00000000 00:00 0 
7fc0bf902000-7fc0c8000000 r--s 00000000 08:10 3805807                    /usr/local/openjdk-11/lib/modules
7fc0c8000000-7fc0c82f3000 rw-p 00000000 00:00 0 
7fc0c82f3000-7fc0cc000000 ---p 00000000 00:00 0 
7fc0cc009000-7fc0cc00d000 r--p 00000000 08:10 2368588                    /lib/x86_64-linux-gnu/libresolv-2.28.so
7fc0cc00d000-7fc0cc01a000 r-xp 00004000 08:10 2368588                    /lib/x86_64-linux-gnu/libresolv-2.28.so
7fc0cc01a000-7fc0cc01e000 r--p 00011000 08:10 2368588                    /lib/x86_64-linux-gnu/libresolv-2.28.so
7fc0cc01e000-7fc0cc01f000 ---p 00015000 08:10 2368588                    /lib/x86_64-linux-gnu/libresolv-2.28.so
7fc0cc01f000-7fc0cc020000 r--p 00015000 08:10 2368588                    /lib/x86_64-linux-gnu/libresolv-2.28.so
7fc0cc020000-7fc0cc021000 rw-p 00016000 08:10 2368588                    /lib/x86_64-linux-gnu/libresolv-2.28.so
7fc0cc021000-7fc0cc023000 rw-p 00000000 00:00 0 
7fc0cc023000-7fc0cc024000 r--p 00000000 08:10 2368567                    /lib/x86_64-linux-gnu/libnss_dns-2.28.so
7fc0cc024000-7fc0cc028000 r-xp 00001000 08:10 2368567                    /lib/x86_64-linux-gnu/libnss_dns-2.28.so
7fc0cc028000-7fc0cc029000 r--p 00005000 08:10 2368567                    /lib/x86_64-linux-gnu/libnss_dns-2.28.so
7fc0cc029000-7fc0cc02a000 r--p 00005000 08:10 2368567                    /lib/x86_64-linux-gnu/libnss_dns-2.28.so
7fc0cc02a000-7fc0cc02b000 rw-p 00006000 08:10 2368567                    /lib/x86_64-linux-gnu/libnss_dns-2.28.so
7fc0cc02f000-7fc0cc033000 ---p 00000000 00:00 0 
7fc0cc033000-7fc0cc130000 rw-p 00000000 00:00 0 
7fc0cc130000-7fc0cc162000 r--p 00000000 08:10 2632029                    /usr/lib/locale/C.UTF-8/LC_CTYPE
7fc0cc162000-7fc0cc163000 r--p 00000000 08:10 2632036                    /usr/lib/locale/C.UTF-8/LC_NUMERIC
7fc0cc163000-7fc0cc164000 r--p 00000000 08:10 2632039                    /usr/lib/locale/C.UTF-8/LC_TIME
7fc0cc164000-7fc0cc165000 r--p 00000000 08:10 2632034                    /usr/lib/locale/C.UTF-8/LC_MONETARY
7fc0cc165000-7fc0cc166000 r--p 00000000 08:10 2632033                    /usr/lib/locale/C.UTF-8/LC_MESSAGES/SYS_LC_MESSAGES
7fc0cc166000-7fc0cc16d000 r--s 00000000 08:10 2632309                    /usr/lib/x86_64-linux-gnu/gconv/gconv-modules.cache
7fc0cc16d000-7fc0cc171000 ---p 00000000 00:00 0 
7fc0cc171000-7fc0cc26e000 rw-p 00000000 00:00 0 
7fc0cc26e000-7fc0cc272000 ---p 00000000 00:00 0 
7fc0cc272000-7fc0cc36f000 rw-p 00000000 00:00 0 
7fc0cc36f000-7fc0cc370000 ---p 00000000 00:00 0 
7fc0cc370000-7fc0ccd75000 rw-p 00000000 00:00 0 
7fc0ccd75000-7fc0ccdb7000 rw-p 00000000 00:00 0 
7fc0ccdb7000-7fc0ccdb8000 ---p 00000000 00:00 0 
7fc0ccdb8000-7fc0cceb9000 rw-p 00000000 00:00 0 
7fc0cceb9000-7fc0cceba000 ---p 00000000 00:00 0 
7fc0cceba000-7fc0cd7c3000 rw-p 00000000 00:00 0 
7fc0cd7c3000-7fc0cd7c4000 ---p 00000000 00:00 0 
7fc0cd7c4000-7fc0cd8c5000 rw-p 00000000 00:00 0 
7fc0cd8c5000-7fc0cd8c6000 ---p 00000000 00:00 0 
7fc0cd8c6000-7fc0cda4d000 rw-p 00000000 00:00 0 
7fc0cda4d000-7fc0cde2d000 ---p 00000000 00:00 0 
7fc0cde2d000-7fc0cde32000 rw-p 00000000 00:00 0 
7fc0cde32000-7fc0ce212000 ---p 00000000 00:00 0 
7fc0ce212000-7fc0ce217000 rw-p 00000000 00:00 0 
7fc0ce217000-7fc0ce5f7000 ---p 00000000 00:00 0 
7fc0ce5f7000-7fc0cedff000 rw-p 00000000 00:00 0 
7fc0cedff000-7fc0cee00000 ---p 00000000 00:00 0 
7fc0cee00000-7fc0cef06000 rw-p 00000000 00:00 0 
7fc0cef06000-7fc0cefec000 ---p 00000000 00:00 0 
7fc0cefec000-7fc0ceff5000 rw-p 00000000 00:00 0 
7fc0ceff5000-7fc0cf0d7000 ---p 00000000 00:00 0 
7fc0cf0d7000-7fc0cf0dc000 rw-p 00000000 00:00 0 
7fc0cf0dc000-7fc0cf0e3000 ---p 00000000 00:00 0 
7fc0cf0e3000-7fc0cf0ea000 r-xp 00000000 08:10 3805806                    /usr/local/openjdk-11/lib/libzip.so
7fc0cf0ea000-7fc0cf2ea000 ---p 00007000 08:10 3805806                    /usr/local/openjdk-11/lib/libzip.so
7fc0cf2ea000-7fc0cf2eb000 r--p 00007000 08:10 3805806                    /usr/local/openjdk-11/lib/libzip.so
7fc0cf2eb000-7fc0cf2ec000 rw-p 00000000 00:00 0 
7fc0cf2ec000-7fc0cf2f4000 rw-s 00000000 08:10 3934669                    /tmp/hsperfdata_root/1
7fc0cf2f4000-7fc0cf2f7000 r--p 00000000 08:10 2368569                    /lib/x86_64-linux-gnu/libnss_files-2.28.so
7fc0cf2f7000-7fc0cf2fe000 r-xp 00003000 08:10 2368569                    /lib/x86_64-linux-gnu/libnss_files-2.28.so
7fc0cf2fe000-7fc0cf300000 r--p 0000a000 08:10 2368569                    /lib/x86_64-linux-gnu/libnss_files-2.28.so
7fc0cf300000-7fc0cf301000 ---p 0000c000 08:10 2368569                    /lib/x86_64-linux-gnu/libnss_files-2.28.so
7fc0cf301000-7fc0cf302000 r--p 0000c000 08:10 2368569                    /lib/x86_64-linux-gnu/libnss_files-2.28.so
7fc0cf302000-7fc0cf303000 rw-p 0000d000 08:10 2368569                    /lib/x86_64-linux-gnu/libnss_files-2.28.so
7fc0cf303000-7fc0cf309000 rw-p 00000000 00:00 0 
7fc0cf309000-7fc0cf30a000 r--p 00000000 08:10 2632037                    /usr/lib/locale/C.UTF-8/LC_PAPER
7fc0cf30a000-7fc0cf30b000 r--p 00000000 08:10 2632035                    /usr/lib/locale/C.UTF-8/LC_NAME
7fc0cf30b000-7fc0cf30c000 r--p 00000000 08:10 2632027                    /usr/lib/locale/C.UTF-8/LC_ADDRESS
7fc0cf30c000-7fc0cf30d000 r--p 00000000 08:10 2632038                    /usr/lib/locale/C.UTF-8/LC_TELEPHONE
7fc0cf30d000-7fc0cf318000 r-xp 00000000 08:10 3805788                    /usr/local/openjdk-11/lib/libjimage.so
7fc0cf318000-7fc0cf517000 ---p 0000b000 08:10 3805788                    /usr/local/openjdk-11/lib/libjimage.so
7fc0cf517000-7fc0cf518000 r--p 0000a000 08:10 3805788                    /usr/local/openjdk-11/lib/libjimage.so
7fc0cf518000-7fc0cf519000 rw-p 0000b000 08:10 3805788                    /usr/local/openjdk-11/lib/libjimage.so
7fc0cf519000-7fc0cf542000 r-xp 00000000 08:10 3805784                    /usr/local/openjdk-11/lib/libjava.so
7fc0cf542000-7fc0cf742000 ---p 00029000 08:10 3805784                    /usr/local/openjdk-11/lib/libjava.so
7fc0cf742000-7fc0cf743000 r--p 00029000 08:10 3805784                    /usr/local/openjdk-11/lib/libjava.so
7fc0cf743000-7fc0cf744000 rw-p 0002a000 08:10 3805784                    /usr/local/openjdk-11/lib/libjava.so
7fc0cf744000-7fc0cf745000 rw-p 00000000 00:00 0 
7fc0cf745000-7fc0cf753000 r-xp 00000000 08:10 3805805                    /usr/local/openjdk-11/lib/libverify.so
7fc0cf753000-7fc0cf952000 ---p 0000e000 08:10 3805805                    /usr/local/openjdk-11/lib/libverify.so
7fc0cf952000-7fc0cf954000 r--p 0000d000 08:10 3805805                    /usr/local/openjdk-11/lib/libverify.so
7fc0cf954000-7fc0cf955000 rw-p 00000000 00:00 0 
7fc0cf955000-7fc0cf957000 r--p 00000000 08:10 2368590                    /lib/x86_64-linux-gnu/librt-2.28.so
7fc0cf957000-7fc0cf95b000 r-xp 00002000 08:10 2368590                    /lib/x86_64-linux-gnu/librt-2.28.so
7fc0cf95b000-7fc0cf95d000 r--p 00006000 08:10 2368590                    /lib/x86_64-linux-gnu/librt-2.28.so
7fc0cf95d000-7fc0cf95e000 r--p 00007000 08:10 2368590                    /lib/x86_64-linux-gnu/librt-2.28.so
7fc0cf95e000-7fc0cf95f000 rw-p 00008000 08:10 2368590                    /lib/x86_64-linux-gnu/librt-2.28.so
7fc0cf95f000-7fc0cf963000 ---p 00000000 00:00 0 
7fc0cf963000-7fc0cfa60000 rw-p 00000000 00:00 0 
7fc0cfa60000-7fc0cfa63000 r--p 00000000 08:10 2368545                    /lib/x86_64-linux-gnu/libgcc_s.so.1
7fc0cfa63000-7fc0cfa74000 r-xp 00003000 08:10 2368545                    /lib/x86_64-linux-gnu/libgcc_s.so.1
7fc0cfa74000-7fc0cfa77000 r--p 00014000 08:10 2368545                    /lib/x86_64-linux-gnu/libgcc_s.so.1
7fc0cfa77000-7fc0cfa78000 ---p 00017000 08:10 2368545                    /lib/x86_64-linux-gnu/libgcc_s.so.1
7fc0cfa78000-7fc0cfa79000 r--p 00017000 08:10 2368545                    /lib/x86_64-linux-gnu/libgcc_s.so.1
7fc0cfa79000-7fc0cfa7a000 rw-p 00018000 08:10 2368545                    /lib/x86_64-linux-gnu/libgcc_s.so.1
7fc0cfa7a000-7fc0cfa87000 r--p 00000000 08:10 2368552                    /lib/x86_64-linux-gnu/libm-2.28.so
7fc0cfa87000-7fc0cfb26000 r-xp 0000d000 08:10 2368552                    /lib/x86_64-linux-gnu/libm-2.28.so
7fc0cfb26000-7fc0cfbfb000 r--p 000ac000 08:10 2368552                    /lib/x86_64-linux-gnu/libm-2.28.so
7fc0cfbfb000-7fc0cfbfc000 r--p 00180000 08:10 2368552                    /lib/x86_64-linux-gnu/libm-2.28.so
7fc0cfbfc000-7fc0cfbfd000 rw-p 00181000 08:10 2368552                    /lib/x86_64-linux-gnu/libm-2.28.so
7fc0cfbfd000-7fc0cfc86000 r--p 00000000 08:10 2632357                    /usr/lib/x86_64-linux-gnu/libstdc++.so.6.0.25
7fc0cfc86000-7fc0cfd32000 r-xp 00089000 08:10 2632357                    /usr/lib/x86_64-linux-gnu/libstdc++.so.6.0.25
7fc0cfd32000-7fc0cfd70000 r--p 00135000 08:10 2632357                    /usr/lib/x86_64-linux-gnu/libstdc++.so.6.0.25
7fc0cfd70000-7fc0cfd71000 ---p 00173000 08:10 2632357                    /usr/lib/x86_64-linux-gnu/libstdc++.so.6.0.25
7fc0cfd71000-7fc0cfd7b000 r--p 00173000 08:10 2632357                    /usr/lib/x86_64-linux-gnu/libstdc++.so.6.0.25
7fc0cfd7b000-7fc0cfd7d000 rw-p 0017d000 08:10 2632357                    /usr/lib/x86_64-linux-gnu/libstdc++.so.6.0.25
7fc0cfd7d000-7fc0cfd81000 rw-p 00000000 00:00 0 
7fc0cfd81000-7fc0d0e65000 r-xp 00000000 08:10 3805818                    /usr/local/openjdk-11/lib/server/libjvm.so
7fc0d0e65000-7fc0d1065000 ---p 010e4000 08:10 3805818                    /usr/local/openjdk-11/lib/server/libjvm.so
7fc0d1065000-7fc0d113d000 r--p 010e4000 08:10 3805818                    /usr/local/openjdk-11/lib/server/libjvm.so
7fc0d113d000-7fc0d1176000 rw-p 011bc000 08:10 3805818                    /usr/local/openjdk-11/lib/server/libjvm.so
7fc0d1176000-7fc0d11cf000 rw-p 00000000 00:00 0 
7fc0d11cf000-7fc0d11f1000 r--p 00000000 08:10 2368527                    /lib/x86_64-linux-gnu/libc-2.28.so
7fc0d11f1000-7fc0d1339000 r-xp 00022000 08:10 2368527                    /lib/x86_64-linux-gnu/libc-2.28.so
7fc0d1339000-7fc0d1385000 r--p 0016a000 08:10 2368527                    /lib/x86_64-linux-gnu/libc-2.28.so
7fc0d1385000-7fc0d1386000 ---p 001b6000 08:10 2368527                    /lib/x86_64-linux-gnu/libc-2.28.so
7fc0d1386000-7fc0d138a000 r--p 001b6000 08:10 2368527                    /lib/x86_64-linux-gnu/libc-2.28.so
7fc0d138a000-7fc0d138c000 rw-p 001ba000 08:10 2368527                    /lib/x86_64-linux-gnu/libc-2.28.so
7fc0d138c000-7fc0d1390000 rw-p 00000000 00:00 0 
7fc0d1390000-7fc0d1391000 r--p 00000000 08:10 2368537                    /lib/x86_64-linux-gnu/libdl-2.28.so
7fc0d1391000-7fc0d1392000 r-xp 00001000 08:10 2368537                    /lib/x86_64-linux-gnu/libdl-2.28.so
7fc0d1392000-7fc0d1393000 r--p 00002000 08:10 2368537                    /lib/x86_64-linux-gnu/libdl-2.28.so
7fc0d1393000-7fc0d1394000 r--p 00002000 08:10 2368537                    /lib/x86_64-linux-gnu/libdl-2.28.so
7fc0d1394000-7fc0d1395000 rw-p 00003000 08:10 2368537                    /lib/x86_64-linux-gnu/libdl-2.28.so
7fc0d1395000-7fc0d13a4000 r-xp 00000000 08:10 3805768                    /usr/local/openjdk-11/lib/jli/libjli.so
7fc0d13a4000-7fc0d15a3000 ---p 0000f000 08:10 3805768                    /usr/local/openjdk-11/lib/jli/libjli.so
7fc0d15a3000-7fc0d15a4000 r--p 0000e000 08:10 3805768                    /usr/local/openjdk-11/lib/jli/libjli.so
7fc0d15a4000-7fc0d15a5000 rw-p 0000f000 08:10 3805768                    /usr/local/openjdk-11/lib/jli/libjli.so
7fc0d15a5000-7fc0d15ab000 r--p 00000000 08:10 2368586                    /lib/x86_64-linux-gnu/libpthread-2.28.so
7fc0d15ab000-7fc0d15ba000 r-xp 00006000 08:10 2368586                    /lib/x86_64-linux-gnu/libpthread-2.28.so
7fc0d15ba000-7fc0d15c0000 r--p 00015000 08:10 2368586                    /lib/x86_64-linux-gnu/libpthread-2.28.so
7fc0d15c0000-7fc0d15c1000 r--p 0001a000 08:10 2368586                    /lib/x86_64-linux-gnu/libpthread-2.28.so
7fc0d15c1000-7fc0d15c2000 rw-p 0001b000 08:10 2368586                    /lib/x86_64-linux-gnu/libpthread-2.28.so
7fc0d15c2000-7fc0d15c6000 rw-p 00000000 00:00 0 
7fc0d15c6000-7fc0d15e2000 r-xp 00000000 08:10 2368611                    /lib/x86_64-linux-gnu/libz.so.1.2.11
7fc0d15e2000-7fc0d17e2000 ---p 0001c000 08:10 2368611                    /lib/x86_64-linux-gnu/libz.so.1.2.11
7fc0d17e2000-7fc0d17e3000 r--p 0001c000 08:10 2368611                    /lib/x86_64-linux-gnu/libz.so.1.2.11
7fc0d17e3000-7fc0d17e4000 rw-p 0001d000 08:10 2368611                    /lib/x86_64-linux-gnu/libz.so.1.2.11
7fc0d17e4000-7fc0d17e6000 rw-p 00000000 00:00 0 
7fc0d17e6000-7fc0d17e7000 r--p 00000000 08:10 2632031                    /usr/lib/locale/C.UTF-8/LC_MEASUREMENT
7fc0d17e7000-7fc0d17e8000 r--p 00000000 08:10 2632030                    /usr/lib/locale/C.UTF-8/LC_IDENTIFICATION
7fc0d17e8000-7fc0d17e9000 ---p 00000000 00:00 0 
7fc0d17e9000-7fc0d17ea000 r--p 00000000 00:00 0 
7fc0d17ea000-7fc0d17eb000 r--p 00000000 08:10 2368513                    /lib/x86_64-linux-gnu/ld-2.28.so
7fc0d17eb000-7fc0d1809000 r-xp 00001000 08:10 2368513                    /lib/x86_64-linux-gnu/ld-2.28.so
7fc0d1809000-7fc0d1811000 r--p 0001f000 08:10 2368513                    /lib/x86_64-linux-gnu/ld-2.28.so
7fc0d1811000-7fc0d1812000 r--p 00026000 08:10 2368513                    /lib/x86_64-linux-gnu/ld-2.28.so
7fc0d1812000-7fc0d1813000 rw-p 00027000 08:10 2368513                    /lib/x86_64-linux-gnu/ld-2.28.so
7fc0d1813000-7fc0d1814000 rw-p 00000000 00:00 0 
7ffd6e74d000-7ffd6e76e000 rw-p 00000000 00:00 0                          [stack]
7ffd6e78b000-7ffd6e78e000 r--p 00000000 00:00 0                          [vvar]
7ffd6e78e000-7ffd6e790000 r-xp 00000000 00:00 0                          [vdso]
ffffffffff600000-ffffffffff601000 r-xp 00000000 00:00 0                  [vsyscall]

